{"/Users/andreamac/generate-team-profile/staff/Employee.js": {"path":"/Users/andreamac/generate-team-profile/staff/Employee.js","statementMap":{"0":{"start":{"line":1,"column":17},"end":{"line":1,"column":36}},"1":{"start":{"line":3,"column":0},"end":{"line":82,"column":1}},"2":{"start":{"line":5,"column":8},"end":{"line":5,"column":29}},"3":{"start":{"line":6,"column":8},"end":{"line":6,"column":29}},"4":{"start":{"line":7,"column":8},"end":{"line":7,"column":24}},"5":{"start":{"line":8,"column":8},"end":{"line":8,"column":23}},"6":{"start":{"line":11,"column":8},"end":{"line":34,"column":10}},"7":{"start":{"line":15,"column":35},"end":{"line":15,"column":56}},"8":{"start":{"line":21,"column":35},"end":{"line":21,"column":74}},"9":{"start":{"line":27,"column":35},"end":{"line":27,"column":56}},"10":{"start":{"line":37,"column":8},"end":{"line":37,"column":37}},"11":{"start":{"line":39,"column":16},"end":{"line":39,"column":33}},"12":{"start":{"line":41,"column":8},"end":{"line":41,"column":25}},"13":{"start":{"line":44,"column":8},"end":{"line":44,"column":37}},"14":{"start":{"line":47,"column":12},"end":{"line":47,"column":31}},"15":{"start":{"line":51,"column":8},"end":{"line":51,"column":25}},"16":{"start":{"line":56,"column":25},"end":{"line":56,"column":29}},"17":{"start":{"line":57,"column":12},"end":{"line":69,"column":19}},"18":{"start":{"line":59,"column":20},"end":{"line":59,"column":105}},"19":{"start":{"line":59,"column":67},"end":{"line":59,"column":105}},"20":{"start":{"line":60,"column":20},"end":{"line":60,"column":105}},"21":{"start":{"line":60,"column":67},"end":{"line":60,"column":105}},"22":{"start":{"line":61,"column":20},"end":{"line":61,"column":90}},"23":{"start":{"line":61,"column":62},"end":{"line":61,"column":90}},"24":{"start":{"line":62,"column":20},"end":{"line":62,"column":87}},"25":{"start":{"line":62,"column":61},"end":{"line":62,"column":87}},"26":{"start":{"line":65,"column":20},"end":{"line":65,"column":39}},"27":{"start":{"line":68,"column":20},"end":{"line":68,"column":53}},"28":{"start":{"line":74,"column":8},"end":{"line":80,"column":9}}},"fnMap":{"0":{"name":"(anonymous_0)","decl":{"start":{"line":4,"column":4},"end":{"line":4,"column":5}},"loc":{"start":{"line":4,"column":18},"end":{"line":35,"column":5}},"line":4},"1":{"name":"(anonymous_1)","decl":{"start":{"line":15,"column":26},"end":{"line":15,"column":27}},"loc":{"start":{"line":15,"column":35},"end":{"line":15,"column":56}},"line":15},"2":{"name":"(anonymous_2)","decl":{"start":{"line":21,"column":26},"end":{"line":21,"column":27}},"loc":{"start":{"line":21,"column":35},"end":{"line":21,"column":74}},"line":21},"3":{"name":"(anonymous_3)","decl":{"start":{"line":27,"column":26},"end":{"line":27,"column":27}},"loc":{"start":{"line":27,"column":35},"end":{"line":27,"column":56}},"line":27},"4":{"name":"(anonymous_4)","decl":{"start":{"line":36,"column":4},"end":{"line":36,"column":5}},"loc":{"start":{"line":36,"column":30},"end":{"line":38,"column":5}},"line":36},"5":{"name":"(anonymous_5)","decl":{"start":{"line":39,"column":4},"end":{"line":39,"column":5}},"loc":{"start":{"line":39,"column":14},"end":{"line":39,"column":35}},"line":39},"6":{"name":"(anonymous_6)","decl":{"start":{"line":40,"column":4},"end":{"line":40,"column":5}},"loc":{"start":{"line":40,"column":18},"end":{"line":42,"column":5}},"line":40},"7":{"name":"(anonymous_7)","decl":{"start":{"line":43,"column":4},"end":{"line":43,"column":5}},"loc":{"start":{"line":43,"column":30},"end":{"line":45,"column":5}},"line":43},"8":{"name":"(anonymous_8)","decl":{"start":{"line":46,"column":4},"end":{"line":46,"column":5}},"loc":{"start":{"line":46,"column":20},"end":{"line":48,"column":9}},"line":46},"9":{"name":"(anonymous_9)","decl":{"start":{"line":50,"column":4},"end":{"line":50,"column":5}},"loc":{"start":{"line":50,"column":18},"end":{"line":52,"column":5}},"line":50},"10":{"name":"(anonymous_10)","decl":{"start":{"line":55,"column":4},"end":{"line":55,"column":5}},"loc":{"start":{"line":55,"column":41},"end":{"line":70,"column":9}},"line":55},"11":{"name":"(anonymous_11)","decl":{"start":{"line":58,"column":22},"end":{"line":58,"column":23}},"loc":{"start":{"line":58,"column":40},"end":{"line":66,"column":17}},"line":58},"12":{"name":"(anonymous_12)","decl":{"start":{"line":67,"column":23},"end":{"line":67,"column":24}},"loc":{"start":{"line":67,"column":39},"end":{"line":69,"column":17}},"line":67},"13":{"name":"(anonymous_13)","decl":{"start":{"line":73,"column":4},"end":{"line":73,"column":5}},"loc":{"start":{"line":73,"column":26},"end":{"line":81,"column":5}},"line":73}},"branchMap":{"0":{"loc":{"start":{"line":21,"column":35},"end":{"line":21,"column":74}},"type":"binary-expr","locations":[{"start":{"line":21,"column":35},"end":{"line":21,"column":60}},{"start":{"line":21,"column":64},"end":{"line":21,"column":74}}],"line":21},"1":{"loc":{"start":{"line":59,"column":20},"end":{"line":59,"column":105}},"type":"if","locations":[{"start":{"line":59,"column":20},"end":{"line":59,"column":105}},{"start":{},"end":{}}],"line":59},"2":{"loc":{"start":{"line":60,"column":20},"end":{"line":60,"column":105}},"type":"if","locations":[{"start":{"line":60,"column":20},"end":{"line":60,"column":105}},{"start":{},"end":{}}],"line":60},"3":{"loc":{"start":{"line":61,"column":20},"end":{"line":61,"column":90}},"type":"if","locations":[{"start":{"line":61,"column":20},"end":{"line":61,"column":90}},{"start":{},"end":{}}],"line":61},"4":{"loc":{"start":{"line":62,"column":20},"end":{"line":62,"column":87}},"type":"if","locations":[{"start":{"line":62,"column":20},"end":{"line":62,"column":87}},{"start":{},"end":{}}],"line":62}},"s":{"0":4,"1":4,"2":7,"3":7,"4":7,"5":7,"6":7,"7":0,"8":0,"9":0,"10":0,"11":3,"12":6,"13":0,"14":0,"15":0,"16":0,"17":0,"18":0,"19":0,"20":0,"21":0,"22":0,"23":0,"24":0,"25":0,"26":0,"27":0,"28":0},"f":{"0":7,"1":0,"2":0,"3":0,"4":0,"5":3,"6":6,"7":0,"8":0,"9":0,"10":0,"11":0,"12":0,"13":0},"b":{"0":[0,0],"1":[0,0],"2":[0,0],"3":[0,0],"4":[0,0]},"_coverageSchema":"1a1c01bbd47fc00a2c39e90264f33305004495a9","hash":"87fc3bd9d11d324e79066801dd4a99aab7f6ad8a"}
,"/Users/andreamac/generate-team-profile/staff/Engineer.js": {"path":"/Users/andreamac/generate-team-profile/staff/Engineer.js","statementMap":{"0":{"start":{"line":1,"column":17},"end":{"line":1,"column":38}},"1":{"start":{"line":5,"column":12},"end":{"line":5,"column":20}},"2":{"start":{"line":8,"column":12},"end":{"line":8,"column":37}},"3":{"start":{"line":11,"column":27},"end":{"line":11,"column":48}},"4":{"start":{"line":12,"column":12},"end":{"line":16,"column":13}},"5":{"start":{"line":20,"column":0},"end":{"line":20,"column":26}}},"fnMap":{"0":{"name":"(anonymous_0)","decl":{"start":{"line":4,"column":4},"end":{"line":4,"column":5}},"loc":{"start":{"line":4,"column":18},"end":{"line":17,"column":9}},"line":4}},"branchMap":{},"s":{"0":1,"1":2,"2":2,"3":2,"4":2,"5":1},"f":{"0":2},"b":{},"_coverageSchema":"1a1c01bbd47fc00a2c39e90264f33305004495a9","hash":"05535edf18a5718220b64258e10f2fcef4f61ef2"}
,"/Users/andreamac/generate-team-profile/staff/Intern.js": {"path":"/Users/andreamac/generate-team-profile/staff/Intern.js","statementMap":{"0":{"start":{"line":1,"column":17},"end":{"line":1,"column":38}},"1":{"start":{"line":5,"column":12},"end":{"line":5,"column":20}},"2":{"start":{"line":8,"column":12},"end":{"line":8,"column":35}},"3":{"start":{"line":11,"column":27},"end":{"line":11,"column":48}},"4":{"start":{"line":12,"column":12},"end":{"line":16,"column":13}},"5":{"start":{"line":20,"column":0},"end":{"line":20,"column":24}}},"fnMap":{"0":{"name":"(anonymous_0)","decl":{"start":{"line":4,"column":4},"end":{"line":4,"column":5}},"loc":{"start":{"line":4,"column":18},"end":{"line":17,"column":9}},"line":4}},"branchMap":{},"s":{"0":1,"1":2,"2":2,"3":2,"4":2,"5":1},"f":{"0":2},"b":{},"_coverageSchema":"1a1c01bbd47fc00a2c39e90264f33305004495a9","hash":"78041136b21ecf28689dca136a540d1d453471e9"}
,"/Users/andreamac/generate-team-profile/staff/Manager.js": {"path":"/Users/andreamac/generate-team-profile/staff/Manager.js","statementMap":{"0":{"start":{"line":1,"column":17},"end":{"line":1,"column":38}},"1":{"start":{"line":5,"column":12},"end":{"line":5,"column":20}},"2":{"start":{"line":8,"column":12},"end":{"line":8,"column":36}},"3":{"start":{"line":11,"column":27},"end":{"line":11,"column":48}},"4":{"start":{"line":12,"column":12},"end":{"line":16,"column":13}},"5":{"start":{"line":20,"column":0},"end":{"line":20,"column":25}}},"fnMap":{"0":{"name":"(anonymous_0)","decl":{"start":{"line":4,"column":4},"end":{"line":4,"column":5}},"loc":{"start":{"line":4,"column":18},"end":{"line":17,"column":9}},"line":4}},"branchMap":{},"s":{"0":1,"1":2,"2":2,"3":2,"4":2,"5":1},"f":{"0":2},"b":{},"_coverageSchema":"1a1c01bbd47fc00a2c39e90264f33305004495a9","hash":"472331e4525d6f16b7cdb3b1ab82f8e9045b4167"}
}
